{
  "RSpec": {
    "coverage": {
      "/Users/dave/dpl/rails/follow_alongs/robot_town/config/environment.rb": [
        null,
        1,
        null,
        null,
        1
      ],
      "/Users/dave/dpl/rails/follow_alongs/robot_town/config/application.rb": [
        1,
        null,
        1,
        null,
        1,
        1,
        1,
        1,
        1,
        1,
        1,
        null,
        null,
        null,
        null,
        1,
        null,
        1,
        1,
        null,
        null,
        null,
        null,
        null,
        null,
        null,
        null,
        null,
        null,
        null,
        null,
        null,
        1,
        null,
        null
      ],
      "/Users/dave/dpl/rails/follow_alongs/robot_town/config/boot.rb": [
        1,
        null,
        1
      ],
      "/Users/dave/dpl/rails/follow_alongs/robot_town/config/environments/test.rb": [
        1,
        null,
        null,
        null,
        null,
        null,
        null,
        1,
        null,
        null,
        null,
        null,
        1,
        null,
        null,
        1,
        1,
        null,
        null,
        1,
        1,
        null,
        null,
        1,
        null,
        null,
        1,
        null,
        null,
        null,
        null,
        1,
        null,
        null,
        1,
        null,
        null,
        1,
        null,
        null,
        null,
        null
      ],
      "/Users/dave/dpl/rails/follow_alongs/robot_town/config/initializers/assets.rb": [
        null,
        null,
        null,
        1,
        null,
        null,
        null,
        null,
        null,
        null,
        null
      ],
      "/Users/dave/dpl/rails/follow_alongs/robot_town/config/initializers/backtrace_silencers.rb": [
        null,
        null,
        null,
        null,
        null,
        null,
        null
      ],
      "/Users/dave/dpl/rails/follow_alongs/robot_town/config/initializers/cookies_serializer.rb": [
        null,
        null,
        1
      ],
      "/Users/dave/dpl/rails/follow_alongs/robot_town/config/initializers/filter_parameter_logging.rb": [
        null,
        null,
        null,
        1
      ],
      "/Users/dave/dpl/rails/follow_alongs/robot_town/config/initializers/inflections.rb": [
        null,
        null,
        null,
        null,
        null,
        null,
        null,
        null,
        null,
        null,
        null,
        null,
        null,
        null,
        null,
        null
      ],
      "/Users/dave/dpl/rails/follow_alongs/robot_town/config/initializers/mime_types.rb": [
        null,
        null,
        null,
        null
      ],
      "/Users/dave/dpl/rails/follow_alongs/robot_town/config/initializers/session_store.rb": [
        null,
        null,
        1
      ],
      "/Users/dave/dpl/rails/follow_alongs/robot_town/config/initializers/wrap_parameters.rb": [
        null,
        null,
        null,
        null,
        null,
        null,
        1,
        1,
        null,
        null,
        null,
        null,
        null,
        null
      ],
      "/Users/dave/dpl/rails/follow_alongs/robot_town/spec/factories/inventor.rb": [
        1,
        1,
        1,
        1,
        1,
        4,
        1,
        null,
        null
      ],
      "/Users/dave/dpl/rails/follow_alongs/robot_town/app/models/inventor.rb": [
        1,
        1,
        null
      ],
      "/Users/dave/dpl/rails/follow_alongs/robot_town/spec/factories/robot.rb": [
        1,
        1,
        1,
        null,
        1,
        1,
        1,
        null,
        null,
        1,
        1,
        1,
        null,
        null,
        4,
        4,
        1,
        3,
        null,
        1,
        null,
        null
      ],
      "/Users/dave/dpl/rails/follow_alongs/robot_town/app/models/robot.rb": [
        1,
        1,
        1,
        null,
        1,
        0,
        null,
        null,
        1,
        3,
        null,
        null
      ],
      "/Users/dave/dpl/rails/follow_alongs/robot_town/config/routes.rb": [
        1,
        1,
        null
      ],
      "/Users/dave/dpl/rails/follow_alongs/robot_town/app/helpers/application_helper.rb": [
        1,
        null
      ],
      "/Users/dave/dpl/rails/follow_alongs/robot_town/app/helpers/robots_helper.rb": [
        1,
        null
      ]
    },
    "timestamp": 1465496115
  }
}
